Arguments: 
  /usr/local/bin/node /Users/waelsy123/.npm-packages/bin/yarn add node-ytdl readline

PATH: 
  /Users/waelsy123/.npm-packages/bin:/usr/local/bin:/usr/bin:/bin:/usr/sbin:/sbin:/usr/local/sbin:/Users/waelsy123/npm/bin

Yarn version: 
  1.10.1

Node version: 
  8.12.0

Platform: 
  darwin x64

Trace: 
  Error: https://registry.yarnpkg.com/node-ytdl: Not found
      at Request.params.callback [as _callback] (/Users/waelsy123/.npm-packages/lib/node_modules/yarn/lib/cli.js:61073:18)
      at Request.self.callback (/Users/waelsy123/.npm-packages/lib/node_modules/yarn/lib/cli.js:120166:22)
      at emitTwo (events.js:126:13)
      at Request.emit (events.js:214:7)
      at Request.<anonymous> (/Users/waelsy123/.npm-packages/lib/node_modules/yarn/lib/cli.js:121138:10)
      at emitOne (events.js:116:13)
      at Request.emit (events.js:211:7)
      at IncomingMessage.<anonymous> (/Users/waelsy123/.npm-packages/lib/node_modules/yarn/lib/cli.js:121060:12)
      at Object.onceWrapper (events.js:313:30)
      at emitNone (events.js:111:20)

npm manifest: 
  {
    "dependencies": {
      "expressjs": "^1.0.1"
    }
  }

yarn manifest: 
  No manifest

Lockfile: 
  # THIS IS AN AUTOGENERATED FILE. DO NOT EDIT THIS FILE DIRECTLY.
  # yarn lockfile v1
  
  
  expressjs@^1.0.1:
    version "1.0.1"
    resolved "https://registry.yarnpkg.com/expressjs/-/expressjs-1.0.1.tgz#220328469a18df5ad615e2b7a0ce995f17fbaeef"
    integrity sha1-IgMoRpoY31rWFeK3oM6ZXxf7ru8=
